<?xml version="1.0" encoding="UTF-8"?>
<!-- Generated by org.testng.reporters.JUnitReportReporter -->
<testsuite skipped="0" hostname="LAPTOP-I3V0BKGE" name="util.ApachePOIReadExcel" tests="1" failures="0" timestamp="17 Oct 2019 15:43:31 GMT" time="23.214" errors="0">
  <testcase name="VerifyInvalidLogin" time="23.214" classname="util.ApachePOIReadExcel"/>
</testsuite> <!-- util.ApachePOIReadExcel -->
