<?xml version="1.0" encoding="UTF-8"?>
<!-- Generated by org.testng.reporters.JUnitReportReporter -->
<testsuite skipped="0" hostname="LAPTOP-I3V0BKGE" name="fb.tests.FbLoginTest" tests="1" failures="0" timestamp="18 Oct 2019 14:32:16 GMT" time="21.080" errors="0">
  <testcase name="init" time="21.080" classname="fb.tests.FbLoginTest"/>
</testsuite> <!-- fb.tests.FbLoginTest -->
