<?xml version="1.0" encoding="UTF-8"?>
<!-- Generated by org.testng.reporters.JUnitReportReporter -->
<testsuite skipped="0" hostname="LAPTOP-I3V0BKGE" name="fb.tests.FbLoginTest" tests="1" failures="0" timestamp="16 Oct 2019 11:50:22 GMT" time="14.990" errors="0">
  <testcase name="init" time="14.990" classname="fb.tests.FbLoginTest"/>
</testsuite> <!-- fb.tests.FbLoginTest -->
