<?xml version="1.0" encoding="UTF-8"?>
<!-- Generated by org.testng.reporters.JUnitReportReporter -->
<testsuite skipped="0" hostname="LAPTOP-I3V0BKGE" name="testngclasses.TestNGExample2" tests="1" failures="0" timestamp="19 Oct 2019 07:12:00 GMT" time="0.005" errors="0">
  <testcase name="sampeleTC2" time="0.005" classname="testngclasses.TestNGExample2"/>
</testsuite> <!-- testngclasses.TestNGExample2 -->
