<?xml version="1.0" encoding="UTF-8"?>
<!-- Generated by org.testng.reporters.JUnitReportReporter -->
<testsuite skipped="0" hostname="LAPTOP-I3V0BKGE" name="testngclasses.TestNGExample1" tests="1" failures="0" timestamp="19 Oct 2019 07:12:00 GMT" time="0.001" errors="0">
  <testcase name="sampeleTC1" time="0.001" classname="testngclasses.TestNGExample1"/>
</testsuite> <!-- testngclasses.TestNGExample1 -->
